[36m--[0m Using CATKIN_DEVEL_PREFIX: /home/ros/TowerOfHanoi5551/csci5551-tower-of-hanoi/devel/.private/baxter_hanoi
[36m--[0m Using CMAKE_PREFIX_PATH: /home/ros/TowerOfHanoi5551/csci5551-tower-of-hanoi/devel;/home/ros/catkin_ws/devel;/opt/ros/noetic
[36m--[0m This workspace overlays: /home/ros/TowerOfHanoi5551/csci5551-tower-of-hanoi/devel;/home/ros/catkin_ws/devel;/opt/ros/noetic
[36m--[0m Found PythonInterp: /usr/bin/python3 (found suitable version "3.8.10", minimum required is "3")
[36m--[0m Using PYTHON_EXECUTABLE: /usr/bin/python3
[36m--[0m Using Debian Python package layout
[36m--[0m Using empy: /usr/lib/python3/dist-packages/em.py
[36m--[0m Using CATKIN_ENABLE_TESTING: ON
[36m--[0m Call enable_testing()
[36m--[0m Using CATKIN_TEST_RESULTS_DIR: /home/ros/TowerOfHanoi5551/csci5551-tower-of-hanoi/build/baxter_hanoi/test_results
[36m--[0m Forcing gtest/gmock from source, though one was otherwise available.
[36m--[0m Found gtest sources under '/usr/src/googletest': gtests will be built
[36m--[0m Found gmock sources under '/usr/src/googletest': gmock will be built
[36m--[0m Found PythonInterp: /usr/bin/python3 (found version "3.8.10")
[36m--[0m Using Python nosetests: /usr/bin/nosetests3
[36m--[0m catkin 0.8.10
[36m--[0m BUILD_SHARED_LIBS is on
[36m--[0m Installing devel-space wrapper /home/ros/TowerOfHanoi5551/csci5551-tower-of-hanoi/src/baxter_hanoi/scripts/solve_hanoi.py to /home/ros/TowerOfHanoi5551/csci5551-tower-of-hanoi/devel/.private/baxter_hanoi/lib/baxter_hanoi
[36m--[0m Installing devel-space wrapper /home/ros/TowerOfHanoi5551/csci5551-tower-of-hanoi/src/baxter_hanoi/scripts/hanoi_algorithm.py to /home/ros/TowerOfHanoi5551/csci5551-tower-of-hanoi/devel/.private/baxter_hanoi/lib/baxter_hanoi
[36m--[0m Configuring done
[36m--[0m Generating done
[36m--[0m Build files have been written to: /home/ros/TowerOfHanoi5551/csci5551-tower-of-hanoi/build/baxter_hanoi
